<?xml version="1.0" encoding="UTF-8"?>
<robot generator="Robot 3.2.1 (Python 3.7.8 on win32)" generated="20200731 12:37:28.386" rpa="false">
<suite id="s1" name="DataTest" source="C:\Automation1\Test cases\DataTest.robot">
<test id="s1-t1" name="Data Test">
<kw name="Start Browser and Maximize">
<arguments>
<arg>${URL2}</arg>
<arg>${Browser1}</arg>
</arguments>
<msg timestamp="20200731 12:37:28.554" level="FAIL">No keyword with name 'Start Browser and Maximize' found.</msg>
<status status="FAIL" starttime="20200731 12:37:28.554" endtime="20200731 12:37:28.554"></status>
</kw>
<status status="FAIL" starttime="20200731 12:37:28.550" endtime="20200731 12:37:28.555" critical="yes">No keyword with name 'Start Browser and Maximize' found.</status>
</test>
<status status="FAIL" starttime="20200731 12:37:28.388" endtime="20200731 12:37:28.558"></status>
</suite>
<statistics>
<total>
<stat pass="0" fail="1">Critical Tests</stat>
<stat pass="0" fail="1">All Tests</stat>
</total>
<tag>
</tag>
<suite>
<stat pass="0" fail="1" id="s1" name="DataTest">DataTest</stat>
</suite>
</statistics>
<errors>
<msg timestamp="20200731 12:37:28.547" level="ERROR">Error in file 'C:\Automation1\Test cases\DataTest.robot' on line 3: Importing test library '../Resources/resources1.robot' failed: ModuleNotFoundError: No module named '.'
Traceback (most recent call last):
  None
PYTHONPATH:
  C:\Python37\Scripts\robot.exe
  c:\python37\python37.zip
  c:\python37\DLLs
  c:\python37\lib
  c:\python37
  C:\Users\JoonasMalila\AppData\Roaming\Python\Python37\site-packages
  c:\python37\lib\site-packages
  c:\python37\lib\site-packages\win32
  c:\python37\lib\site-packages\win32\lib
  c:\python37\lib\site-packages\Pythonwin</msg>
</errors>
</robot>
