<?xml version="1.0" encoding="UTF-8"?>
<robot generator="Robot 3.2.1 (Python 3.7.8 on win32)" generated="20200731 13:27:35.641" rpa="false">
<suite id="s1" name="DataTest" source="C:\Automation1\Test cases\Login Test Case\DataTest.robot">
<test id="s1-t1" name="Data Test">
<kw name="Start Browser and Maximize" library="resources1">
<arguments>
<arg>${URL2}</arg>
<arg>${Browser1}</arg>
</arguments>
<kw name="Open Browser" library="SeleniumLibrary">
<doc>Opens a new browser instance to the optional ``url``.</doc>
<arguments>
<arg>${URL1}</arg>
<arg>${Browser1}</arg>
</arguments>
<msg timestamp="20200731 13:27:36.263" level="INFO">Opening browser 'Chrome' to base url 'http://www.thetestingworld.com'.</msg>
<status status="PASS" starttime="20200731 13:27:36.263" endtime="20200731 13:27:42.776"></status>
</kw>
<kw name="Maximize Browser Window" library="SeleniumLibrary">
<doc>Maximizes current browser window.</doc>
<status status="PASS" starttime="20200731 13:27:42.776" endtime="20200731 13:27:44.965"></status>
</kw>
<kw name="Get Title" library="SeleniumLibrary">
<doc>Returns the title of the current page.</doc>
<assign>
<var>${Title}</var>
</assign>
<msg timestamp="20200731 13:27:44.977" level="INFO">${Title} = Testing World Experienced in making experts</msg>
<status status="PASS" starttime="20200731 13:27:44.965" endtime="20200731 13:27:44.978"></status>
</kw>
<status status="PASS" starttime="20200731 13:27:36.263" endtime="20200731 13:27:44.978"></status>
</kw>
<kw name="Click Element" library="SeleniumLibrary">
<doc>Click the element identified by ``locator``.</doc>
<arguments>
<arg>xpath://a[text()='Login']</arg>
</arguments>
<msg timestamp="20200731 13:27:44.979" level="INFO">Clicking element 'xpath://a[text()='Login']'.</msg>
<status status="PASS" starttime="20200731 13:27:44.979" endtime="20200731 13:27:46.067"></status>
</kw>
<kw name="Read Number of Rows" library="UserKeywords">
<arguments>
<arg>Sheet1</arg>
</arguments>
<assign>
<var>${row}</var>
</assign>
<kw name="Fetch Number Of Rows" library="ReadData">
<arguments>
<arg>${sheetname}</arg>
</arguments>
<assign>
<var>${maxr}</var>
</assign>
<msg timestamp="20200731 13:27:46.069" level="INFO">${maxr} = 4</msg>
<status status="PASS" starttime="20200731 13:27:46.069" endtime="20200731 13:27:46.069"></status>
</kw>
<msg timestamp="20200731 13:27:46.070" level="INFO">${row} = 4</msg>
<status status="PASS" starttime="20200731 13:27:46.068" endtime="20200731 13:27:46.070"></status>
</kw>
<kw name="$(i) IN RANGE [ 1 | ${row}+1 ]" type="for">
<msg timestamp="20200731 13:27:46.070" level="FAIL">Invalid FOR loop variable '$(i)'.</msg>
<status status="FAIL" starttime="20200731 13:27:46.070" endtime="20200731 13:27:46.070"></status>
</kw>
<status status="FAIL" starttime="20200731 13:27:36.262" endtime="20200731 13:27:46.071" critical="yes">Invalid FOR loop variable '$(i)'.</status>
</test>
<status status="FAIL" starttime="20200731 13:27:35.645" endtime="20200731 13:27:46.074"></status>
</suite>
<statistics>
<total>
<stat pass="0" fail="1">Critical Tests</stat>
<stat pass="0" fail="1">All Tests</stat>
</total>
<tag>
</tag>
<suite>
<stat pass="0" fail="1" id="s1" name="DataTest">DataTest</stat>
</suite>
</statistics>
<errors>
</errors>
</robot>
